2025-04-30 03:01:05,522 INFO o.a.j.u.JMeterUtils: Setting Locale to en_EN
2025-04-30 03:01:05,539 INFO o.a.j.JMeter: Loading user properties from: /opt/homebrew/Cellar/jmeter/5.6.3/libexec/bin/user.properties
2025-04-30 03:01:05,539 INFO o.a.j.JMeter: Loading system properties from: /opt/homebrew/Cellar/jmeter/5.6.3/libexec/bin/system.properties
2025-04-30 03:01:05,543 INFO o.a.j.JMeter: Copyright (c) 1998-2024 The Apache Software Foundation
2025-04-30 03:01:05,543 INFO o.a.j.JMeter: Version 5.6.3
2025-04-30 03:01:05,543 INFO o.a.j.JMeter: java.version=21.0.7
2025-04-30 03:01:05,543 INFO o.a.j.JMeter: java.vm.name=OpenJDK 64-Bit Server VM
2025-04-30 03:01:05,543 INFO o.a.j.JMeter: os.name=Mac OS X
2025-04-30 03:01:05,543 INFO o.a.j.JMeter: os.arch=aarch64
2025-04-30 03:01:05,543 INFO o.a.j.JMeter: os.version=15.1
2025-04-30 03:01:05,543 INFO o.a.j.JMeter: file.encoding=UTF-8
2025-04-30 03:01:05,543 INFO o.a.j.JMeter: java.awt.headless=null
2025-04-30 03:01:05,543 INFO o.a.j.JMeter: Max memory     =1073741824
2025-04-30 03:01:05,544 INFO o.a.j.JMeter: Available Processors =8
2025-04-30 03:01:05,553 INFO o.a.j.JMeter: Default Locale=English (EN)
2025-04-30 03:01:05,553 INFO o.a.j.JMeter: JMeter  Locale=English (EN)
2025-04-30 03:01:05,553 INFO o.a.j.JMeter: JMeterHome=/opt/homebrew/Cellar/jmeter/5.6.3/libexec
2025-04-30 03:01:05,553 INFO o.a.j.JMeter: user.dir  =/Users/danil/java/taskmanager
2025-04-30 03:01:05,553 INFO o.a.j.JMeter: PWD       =/Users/danil/java/taskmanager
2025-04-30 03:01:05,554 INFO o.a.j.JMeter: IP: 192.168.0.100 Name: MacBook-Air-danil.local FullName: 192.168.0.100
2025-04-30 03:01:05,563 INFO o.a.j.JMeter: Loaded icon properties from org/apache/jmeter/images/icon.properties
2025-04-30 03:01:05,869 INFO o.a.j.JMeterGuiLauncher: Setting LAF to: com.github.weisj.darklaf.DarkLaf:com.github.weisj.darklaf.theme.DarculaTheme
2025-04-30 03:01:07,633 INFO o.a.j.r.ClassFinder: Will scan jar /opt/homebrew/Cellar/jmeter/5.6.3/libexec/lib/ext/jmeter-plugins-manager-1.9.jar with filter ExtendsClassFilter [parents=[interface org.apache.jmeter.gui.action.Command], inner=false, contains=null, notContains=null]. Consider exposing JMeter plugins via META-INF/services, and add JMeter-Skip-Class-Scanning=true manifest attribute so JMeter can skip classfile scanning
2025-04-30 03:01:07,724 INFO o.a.j.r.ClassFinder: Will scan jar /opt/homebrew/Cellar/jmeter/5.6.3/libexec/lib/ext/jmeter-plugins-manager-1.9.jar with filter ExtendsClassFilter [parents=[interface org.apache.jmeter.gui.plugin.MenuCreator], inner=false, contains=null, notContains=null]. Consider exposing JMeter plugins via META-INF/services, and add JMeter-Skip-Class-Scanning=true manifest attribute so JMeter can skip classfile scanning
2025-04-30 03:01:07,821 INFO o.j.r.JARSourceHTTP: Found cached repo
2025-04-30 03:01:07,948 INFO o.j.r.PluginManager: Plugins Status: [jpgc-plugins-manager=1.9, jmeter-core=5.6.3, jmeter-ftp=5.6.3, jmeter-http=5.6.3, jmeter-jdbc=5.6.3, jmeter-jms=5.6.3, jmeter-junit=5.6.3, jmeter-java=5.6.3, jmeter-ldap=5.6.3, jmeter-mail=5.6.3, jmeter-mongodb=5.6.3, jmeter-native=5.6.3, jmeter-tcp=5.6.3, jmeter-components=5.6.3]
2025-04-30 03:01:07,949 INFO o.j.r.PluginManagerMenuItem: Plugins Manager has upgrades: [jpgc-plugins-manager]
