2025-04-08 00:09:07 - HV000001: Hibernate Validator 8.0.2.Final
2025-04-08 00:09:07 - Starting TaskmanagerApplication v0.0.1-SNAPSHOT using Java 17.0.2 with PID 1 (/app/app.jar started by root in /app)
2025-04-08 00:09:07 - No active profile set, falling back to 1 default profile: "default"
2025-04-08 00:09:07 - Bootstrapping Spring Data JPA repositories in DEFAULT mode.
2025-04-08 00:09:07 - Finished Spring Data repository scanning in 34 ms. Found 2 JPA repository interfaces.
2025-04-08 00:09:08 - Tomcat initialized with port 8080 (http)
2025-04-08 00:09:08 - Initializing ProtocolHandler ["http-nio-8080"]
2025-04-08 00:09:08 - Starting service [Tomcat]
2025-04-08 00:09:08 - Starting Servlet engine: [Apache Tomcat/10.1.34]
2025-04-08 00:09:08 - Initializing Spring embedded WebApplicationContext
2025-04-08 00:09:08 - Root WebApplicationContext: initialization completed in 1089 ms
2025-04-08 00:09:08 - HHH000204: Processing PersistenceUnitInfo [name: default]
2025-04-08 00:09:08 - HHH000412: Hibernate ORM core version 6.6.5.Final
2025-04-08 00:09:08 - HHH000026: Second-level cache disabled
2025-04-08 00:09:08 - No LoadTimeWeaver setup: ignoring JPA class transformer
2025-04-08 00:09:08 - HikariPool-1 - Starting...
2025-04-08 00:09:08 - HikariPool-1 - Added connection org.postgresql.jdbc.PgConnection@1640f20f
2025-04-08 00:09:08 - HikariPool-1 - Start completed.
2025-04-08 00:09:08 - HHH90000025: PostgreSQLDialect does not need to be specified explicitly using 'hibernate.dialect' (remove the property setting and it will be selected by default)
2025-04-08 00:09:08 - HHH10001005: Database info:
	Database JDBC URL [Connecting through datasource 'HikariDataSource (HikariPool-1)']
	Database driver: undefined/unknown
	Database version: 13.19
	Autocommit mode: undefined/unknown
	Isolation level: undefined/unknown
	Minimum pool size: undefined/unknown
	Maximum pool size: undefined/unknown
2025-04-08 00:09:09 - HHH000489: No JTA platform available (set 'hibernate.transaction.jta.platform' to enable JTA platform integration)
2025-04-08 00:09:09 - Initialized JPA EntityManagerFactory for persistence unit 'default'
2025-04-08 00:09:09 - Hibernate is in classpath; If applicable, HQL parser will be used.
2025-04-08 00:09:09 - spring.jpa.open-in-view is enabled by default. Therefore, database queries may be performed during view rendering. Explicitly configure spring.jpa.open-in-view to disable this warning
2025-04-08 00:09:09 - Starting ProtocolHandler ["http-nio-8080"]
2025-04-08 00:09:09 - Tomcat started on port 8080 (http) with context path '/'
2025-04-08 00:09:09 - Started TaskmanagerApplication in 3.238 seconds (process running for 3.543)
2025-04-08 00:09:14 - Initializing Spring DispatcherServlet 'dispatcherServlet'
2025-04-08 00:09:14 - Initializing Servlet 'dispatcherServlet'
2025-04-08 00:09:14 - Completed initialization in 2 ms
2025-04-08 00:09:15 - Init duration for springdoc-openapi is: 182 ms
